<?xml version="1.0" encoding="UTF-8"?>
<testng-results skipped="0" failed="0" total="1" passed="1">
  <reporter-output>
  </reporter-output>
  <suite name="Suite" duration-ms="40592" started-at="2016-12-13T21:09:51Z" finished-at="2016-12-13T21:10:31Z">
    <groups>
    </groups>
    <test name="Test" duration-ms="40592" started-at="2016-12-13T21:09:51Z" finished-at="2016-12-13T21:10:31Z">
      <class name="com.myframeworkmaven.firstmaven.TestFB">
        <test-method status="PASS" signature="TestFireFox()[pri:0, instance:com.myframeworkmaven.firstmaven.TestFB@34033bd0]" name="TestFireFox" duration-ms="40518" started-at="2016-12-13T21:09:51Z" finished-at="2016-12-13T21:10:31Z">
        </test-method> <!-- TestFireFox -->
      </class> <!-- com.myframeworkmaven.firstmaven.TestFB -->
    </test> <!-- Test -->
  </suite> <!-- Suite -->
</testng-results>
